[2019-12-11T17:34:00.136] [INFO] [Default] - GET 200 /- 10ms 
    请求参数：{}
    响应参数：  { code: 401, data: null, msg: 'Authentication Error' }
[2019-12-11T17:35:34.438] [INFO] [Default] - GET 404 /- 4ms 
    请求参数：{}
    响应参数：  undefined
[2019-12-11T17:35:45.471] [INFO] [Default] - GET 200 /lz- 6ms 
    请求参数：{}
    响应参数：  <!DOCTYPE html>
<html lang="en">

<head>
    <meta charset="utf-8" />
    <meta http-equiv="X-UA-Compatible" content="IE=edge" />
    <meta name="viewport" content="width=device-width,initial-scale=1.0" />
    <link rel="icon" href="http://test.gundam.aty.sohuno.com/favicon.ico" />
    <title>灵众票务平台</title>
<link href="//sohu-media.bjcnc.scs.sohucs.com/aggregate-system-fe-test/dist/static/js/lz.js" rel="preload" as="script"></head>

<body>
    <div id="app"></div>
<script type="text/javascript" src="//sohu-media.bjcnc.scs.sohucs.com/aggregate-system-fe-test/dist/static/js/lz.js"></script></body>
<script>
</script>

</html>
[2019-12-11T17:35:47.768] [INFO] [Default] - GET 200 /lz- 1ms 
    请求参数：{}
    响应参数：  <!DOCTYPE html>
<html lang="en">

<head>
    <meta charset="utf-8" />
    <meta http-equiv="X-UA-Compatible" content="IE=edge" />
    <meta name="viewport" content="width=device-width,initial-scale=1.0" />
    <link rel="icon" href="http://test.gundam.aty.sohuno.com/favicon.ico" />
    <title>灵众票务平台</title>
<link href="//sohu-media.bjcnc.scs.sohucs.com/aggregate-system-fe-test/dist/static/js/lz.js" rel="preload" as="script"></head>

<body>
    <div id="app"></div>
<script type="text/javascript" src="//sohu-media.bjcnc.scs.sohucs.com/aggregate-system-fe-test/dist/static/js/lz.js"></script></body>
<script>
</script>

</html>
[2019-12-11T17:35:49.429] [INFO] [Default] - GET 200 /lz- 0ms 
    请求参数：{}
    响应参数：  <!DOCTYPE html>
<html lang="en">

<head>
    <meta charset="utf-8" />
    <meta http-equiv="X-UA-Compatible" content="IE=edge" />
    <meta name="viewport" content="width=device-width,initial-scale=1.0" />
    <link rel="icon" href="http://test.gundam.aty.sohuno.com/favicon.ico" />
    <title>灵众票务平台</title>
<link href="//sohu-media.bjcnc.scs.sohucs.com/aggregate-system-fe-test/dist/static/js/lz.js" rel="preload" as="script"></head>

<body>
    <div id="app"></div>
<script type="text/javascript" src="//sohu-media.bjcnc.scs.sohucs.com/aggregate-system-fe-test/dist/static/js/lz.js"></script></body>
<script>
</script>

</html>
[2019-12-11T17:38:19.806] [INFO] [Default] - GET 200 /lz- 9ms 
    请求参数：{}
    响应参数：  <!DOCTYPE html>
<html lang="en">

<head>
    <meta charset="utf-8" />
    <meta http-equiv="X-UA-Compatible" content="IE=edge" />
    <meta name="viewport" content="width=device-width,initial-scale=1.0" />
    <link rel="icon" href="http://test.gundam.aty.sohuno.com/favicon.ico" />
    <title>灵众票务平台</title>
<link href="/static/js/0.js" rel="prefetch"><link href="/static/js/1.js" rel="prefetch"><link href="/static/js/3.js" rel="prefetch"><link href="/static/js/chunk-common.js" rel="preload" as="script"><link href="/static/js/chunk-vendors.js" rel="preload" as="script"><link href="/static/js/lz.js" rel="preload" as="script"></head>

<body>
    <div id="app"></div>
<script type="text/javascript" src="/static/js/chunk-vendors.js"></script><script type="text/javascript" src="/static/js/chunk-common.js"></script><script type="text/javascript" src="/static/js/lz.js"></script></body>
<script>
</script>

</html>
[2019-12-11T17:38:19.869] [INFO] [Default] - GET 404 /static/js/chunk-common.js- 1ms 
    请求参数：{}
    响应参数：  undefined
[2019-12-11T17:38:19.871] [INFO] [Default] - GET 404 /static/js/chunk-vendors.js- 0ms 
    请求参数：{}
    响应参数：  undefined
[2019-12-11T17:38:19.873] [INFO] [Default] - GET 404 /static/js/lz.js- 0ms 
    请求参数：{}
    响应参数：  undefined
[2019-12-11T17:38:19.875] [INFO] [Default] - GET 404 /static/js/0.js- 0ms 
    请求参数：{}
    响应参数：  undefined
[2019-12-11T17:38:19.876] [INFO] [Default] - GET 404 /static/js/1.js- 0ms 
    请求参数：{}
    响应参数：  undefined
[2019-12-11T17:38:19.877] [INFO] [Default] - GET 404 /static/js/3.js- 0ms 
    请求参数：{}
    响应参数：  undefined
[2019-12-11T17:38:19.878] [INFO] [Default] - GET 404 /static/js/chunk-common.js- 0ms 
    请求参数：{}
    响应参数：  undefined
[2019-12-11T17:38:19.883] [INFO] [Default] - GET 404 /static/js/lz.js- 0ms 
    请求参数：{}
    响应参数：  undefined
[2019-12-11T17:38:20.885] [INFO] [Default] - GET 200 /lz- 1ms 
    请求参数：{}
    响应参数：  <!DOCTYPE html>
<html lang="en">

<head>
    <meta charset="utf-8" />
    <meta http-equiv="X-UA-Compatible" content="IE=edge" />
    <meta name="viewport" content="width=device-width,initial-scale=1.0" />
    <link rel="icon" href="http://test.gundam.aty.sohuno.com/favicon.ico" />
    <title>灵众票务平台</title>
<link href="/static/js/0.js" rel="prefetch"><link href="/static/js/1.js" rel="prefetch"><link href="/static/js/3.js" rel="prefetch"><link href="/static/js/chunk-common.js" rel="preload" as="script"><link href="/static/js/chunk-vendors.js" rel="preload" as="script"><link href="/static/js/lz.js" rel="preload" as="script"></head>

<body>
    <div id="app"></div>
<script type="text/javascript" src="/static/js/chunk-vendors.js"></script><script type="text/javascript" src="/static/js/chunk-common.js"></script><script type="text/javascript" src="/static/js/lz.js"></script></body>
<script>
</script>

</html>
[2019-12-11T17:38:20.906] [INFO] [Default] - GET 404 /static/js/chunk-common.js- 0ms 
    请求参数：{}
    响应参数：  undefined
[2019-12-11T17:38:20.910] [INFO] [Default] - GET 404 /static/js/chunk-vendors.js- 0ms 
    请求参数：{}
    响应参数：  undefined
[2019-12-11T17:38:20.911] [INFO] [Default] - GET 404 /static/js/lz.js- 0ms 
    请求参数：{}
    响应参数：  undefined
[2019-12-11T17:38:20.916] [INFO] [Default] - GET 404 /static/js/0.js- 0ms 
    请求参数：{}
    响应参数：  undefined
[2019-12-11T17:38:20.919] [INFO] [Default] - GET 404 /static/js/chunk-common.js- 0ms 
    请求参数：{}
    响应参数：  undefined
[2019-12-11T17:38:20.920] [INFO] [Default] - GET 404 /static/js/1.js- 0ms 
    请求参数：{}
    响应参数：  undefined
[2019-12-11T17:38:20.921] [INFO] [Default] - GET 404 /static/js/3.js- 0ms 
    请求参数：{}
    响应参数：  undefined
[2019-12-11T17:38:20.925] [INFO] [Default] - GET 404 /static/js/lz.js- 0ms 
    请求参数：{}
    响应参数：  undefined
[2019-12-11T17:38:21.917] [INFO] [Default] - GET 200 /lz- 0ms 
    请求参数：{}
    响应参数：  <!DOCTYPE html>
<html lang="en">

<head>
    <meta charset="utf-8" />
    <meta http-equiv="X-UA-Compatible" content="IE=edge" />
    <meta name="viewport" content="width=device-width,initial-scale=1.0" />
    <link rel="icon" href="http://test.gundam.aty.sohuno.com/favicon.ico" />
    <title>灵众票务平台</title>
<link href="/static/js/0.js" rel="prefetch"><link href="/static/js/1.js" rel="prefetch"><link href="/static/js/3.js" rel="prefetch"><link href="/static/js/chunk-common.js" rel="preload" as="script"><link href="/static/js/chunk-vendors.js" rel="preload" as="script"><link href="/static/js/lz.js" rel="preload" as="script"></head>

<body>
    <div id="app"></div>
<script type="text/javascript" src="/static/js/chunk-vendors.js"></script><script type="text/javascript" src="/static/js/chunk-common.js"></script><script type="text/javascript" src="/static/js/lz.js"></script></body>
<script>
</script>

</html>
[2019-12-11T17:38:21.935] [INFO] [Default] - GET 404 /static/js/chunk-common.js- 0ms 
    请求参数：{}
    响应参数：  undefined
[2019-12-11T17:38:21.937] [INFO] [Default] - GET 404 /static/js/chunk-vendors.js- 0ms 
    请求参数：{}
    响应参数：  undefined
[2019-12-11T17:38:21.938] [INFO] [Default] - GET 404 /static/js/lz.js- 0ms 
    请求参数：{}
    响应参数：  undefined
[2019-12-11T17:38:21.939] [INFO] [Default] - GET 404 /static/js/0.js- 0ms 
    请求参数：{}
    响应参数：  undefined
[2019-12-11T17:38:21.945] [INFO] [Default] - GET 404 /static/js/1.js- 0ms 
    请求参数：{}
    响应参数：  undefined
[2019-12-11T17:38:21.947] [INFO] [Default] - GET 404 /static/js/3.js- 0ms 
    请求参数：{}
    响应参数：  undefined
[2019-12-11T17:38:21.948] [INFO] [Default] - GET 404 /static/js/chunk-common.js- 0ms 
    请求参数：{}
    响应参数：  undefined
[2019-12-11T17:38:21.954] [INFO] [Default] - GET 404 /static/js/lz.js- 1ms 
    请求参数：{}
    响应参数：  undefined
[2019-12-11T17:38:33.963] [INFO] [Default] - GET 200 /lz- 1ms 
    请求参数：{}
    响应参数：  <!DOCTYPE html>
<html lang="en">

<head>
    <meta charset="utf-8" />
    <meta http-equiv="X-UA-Compatible" content="IE=edge" />
    <meta name="viewport" content="width=device-width,initial-scale=1.0" />
    <link rel="icon" href="http://test.gundam.aty.sohuno.com/favicon.ico" />
    <title>灵众票务平台</title>
<link href="/static/js/0.js" rel="prefetch"><link href="/static/js/1.js" rel="prefetch"><link href="/static/js/3.js" rel="prefetch"><link href="/static/js/chunk-common.js" rel="preload" as="script"><link href="/static/js/chunk-vendors.js" rel="preload" as="script"><link href="/static/js/lz.js" rel="preload" as="script"></head>

<body>
    <div id="app"></div>
<script type="text/javascript" src="/static/js/chunk-vendors.js"></script><script type="text/javascript" src="/static/js/chunk-common.js"></script><script type="text/javascript" src="/static/js/lz.js"></script></body>
<script>
</script>

</html>
[2019-12-11T17:38:33.991] [INFO] [Default] - GET 404 /static/js/chunk-common.js- 0ms 
    请求参数：{}
    响应参数：  undefined
[2019-12-11T17:38:33.994] [INFO] [Default] - GET 404 /static/js/chunk-vendors.js- 0ms 
    请求参数：{}
    响应参数：  undefined
[2019-12-11T17:38:33.996] [INFO] [Default] - GET 404 /static/js/lz.js- 1ms 
    请求参数：{}
    响应参数：  undefined
[2019-12-11T17:38:34.001] [INFO] [Default] - GET 404 /static/js/0.js- 0ms 
    请求参数：{}
    响应参数：  undefined
[2019-12-11T17:38:34.008] [INFO] [Default] - GET 404 /static/js/1.js- 0ms 
    请求参数：{}
    响应参数：  undefined
[2019-12-11T17:38:34.010] [INFO] [Default] - GET 404 /static/js/3.js- 0ms 
    请求参数：{}
    响应参数：  undefined
[2019-12-11T17:38:34.010] [INFO] [Default] - GET 404 /static/js/chunk-common.js- 0ms 
    请求参数：{}
    响应参数：  undefined
[2019-12-11T17:38:34.023] [INFO] [Default] - GET 404 /static/js/lz.js- 0ms 
    请求参数：{}
    响应参数：  undefined
[2019-12-11T17:46:00.774] [INFO] [Default] - GET 200 /lz- 13ms 
    请求参数：{}
    响应参数：  <!DOCTYPE html>
<html lang="en">

<head>
    <meta charset="utf-8" />
    <meta http-equiv="X-UA-Compatible" content="IE=edge" />
    <meta name="viewport" content="width=device-width,initial-scale=1.0" />
    <link rel="icon" href="http://test.gundam.aty.sohuno.com/favicon.ico" />
    <title>灵众票务平台</title>
<link href="/static/js/0.js" rel="prefetch"><link href="/static/js/1.js" rel="prefetch"><link href="/static/js/3.js" rel="prefetch"><link href="/static/js/chunk-common.js" rel="preload" as="script"><link href="/static/js/chunk-vendors.js" rel="preload" as="script"><link href="/static/js/lz.js" rel="preload" as="script"></head>

<body>
    <div id="app"></div>
<script type="text/javascript" src="/static/js/chunk-vendors.js"></script><script type="text/javascript" src="/static/js/chunk-common.js"></script><script type="text/javascript" src="/static/js/lz.js"></script></body>
<script>
</script>

</html>
[2019-12-11T17:46:00.818] [INFO] [Default] - GET 404 /static/js/chunk-common.js- 8ms 
    请求参数：{}
    响应参数：  undefined
[2019-12-11T17:46:00.821] [INFO] [Default] - GET 404 /static/js/chunk-vendors.js- 6ms 
    请求参数：{}
    响应参数：  undefined
[2019-12-11T17:46:00.822] [INFO] [Default] - GET 404 /static/js/lz.js- 6ms 
    请求参数：{}
    响应参数：  undefined
[2019-12-11T17:46:00.836] [INFO] [Default] - GET 404 /static/js/0.js- 7ms 
    请求参数：{}
    响应参数：  undefined
[2019-12-11T17:46:00.837] [INFO] [Default] - GET 404 /static/js/1.js- 6ms 
    请求参数：{}
    响应参数：  undefined
[2019-12-11T17:46:00.838] [INFO] [Default] - GET 404 /static/js/3.js- 6ms 
    请求参数：{}
    响应参数：  undefined
[2019-12-11T17:46:00.848] [INFO] [Default] - GET 404 /static/js/chunk-common.js- 1ms 
    请求参数：{}
    响应参数：  undefined
[2019-12-11T17:46:00.853] [INFO] [Default] - GET 404 /static/js/lz.js- 0ms 
    请求参数：{}
    响应参数：  undefined
[2019-12-11T17:46:01.919] [INFO] [Default] - GET 200 /lz- 1ms 
    请求参数：{}
    响应参数：  <!DOCTYPE html>
<html lang="en">

<head>
    <meta charset="utf-8" />
    <meta http-equiv="X-UA-Compatible" content="IE=edge" />
    <meta name="viewport" content="width=device-width,initial-scale=1.0" />
    <link rel="icon" href="http://test.gundam.aty.sohuno.com/favicon.ico" />
    <title>灵众票务平台</title>
<link href="/static/js/0.js" rel="prefetch"><link href="/static/js/1.js" rel="prefetch"><link href="/static/js/3.js" rel="prefetch"><link href="/static/js/chunk-common.js" rel="preload" as="script"><link href="/static/js/chunk-vendors.js" rel="preload" as="script"><link href="/static/js/lz.js" rel="preload" as="script"></head>

<body>
    <div id="app"></div>
<script type="text/javascript" src="/static/js/chunk-vendors.js"></script><script type="text/javascript" src="/static/js/chunk-common.js"></script><script type="text/javascript" src="/static/js/lz.js"></script></body>
<script>
</script>

</html>
[2019-12-11T17:46:01.950] [INFO] [Default] - GET 404 /static/js/chunk-common.js- 1ms 
    请求参数：{}
    响应参数：  undefined
[2019-12-11T17:46:01.962] [INFO] [Default] - GET 404 /static/js/chunk-vendors.js- 3ms 
    请求参数：{}
    响应参数：  undefined
[2019-12-11T17:46:01.963] [INFO] [Default] - GET 404 /static/js/lz.js- 2ms 
    请求参数：{}
    响应参数：  undefined
[2019-12-11T17:46:01.980] [INFO] [Default] - GET 404 /static/js/0.js- 10ms 
    请求参数：{}
    响应参数：  undefined
[2019-12-11T17:46:01.980] [INFO] [Default] - GET 404 /static/js/1.js- 10ms 
    请求参数：{}
    响应参数：  undefined
[2019-12-11T17:46:01.982] [INFO] [Default] - GET 404 /static/js/3.js- 11ms 
    请求参数：{}
    响应参数：  undefined
[2019-12-11T17:46:01.984] [INFO] [Default] - GET 404 /static/js/chunk-common.js- 1ms 
    请求参数：{}
    响应参数：  undefined
[2019-12-11T17:46:02.009] [INFO] [Default] - GET 404 /static/js/lz.js- 1ms 
    请求参数：{}
    响应参数：  undefined
[2019-12-11T17:46:25.480] [INFO] [Default] - GET 200 /index.js- 1ms 
    请求参数：{}
    响应参数：  ReadStream {
  _readableState: 
   ReadableState {
     objectMode: false,
     highWaterMark: 65536,
     buffer: BufferList { head: null, tail: null, length: 0 },
     length: 0,
     pipes: null,
     pipesCount: 0,
     flowing: null,
     ended: false,
     endEmitted: false,
     reading: false,
     sync: true,
     needReadable: false,
     emittedReadable: false,
     readableListening: false,
     resumeScheduled: false,
     destroyed: false,
     defaultEncoding: 'utf8',
     awaitDrain: 0,
     readingMore: false,
     decoder: null,
     encoding: null },
  readable: true,
  domain: null,
  _events: { end: [Function], error: [Function] },
  _eventsCount: 2,
  _maxListeners: undefined,
  path: '/Users/liuxiaomin/Documents/lz/lz-system-fe1/index.js',
  fd: null,
  flags: 'r',
  mode: 438,
  start: undefined,
  end: undefined,
  autoClose: true,
  pos: undefined,
  bytesRead: 0 }
[2019-12-11T17:46:51.163] [INFO] [Default] - GET 200 /lz- 11ms 
    请求参数：{}
    响应参数：  <!DOCTYPE html>
<html lang="en">

<head>
    <meta charset="utf-8" />
    <meta http-equiv="X-UA-Compatible" content="IE=edge" />
    <meta name="viewport" content="width=device-width,initial-scale=1.0" />
    <link rel="icon" href="http://test.gundam.aty.sohuno.com/favicon.ico" />
    <title>灵众票务平台</title>
<link href="/static/js/0.js" rel="prefetch"><link href="/static/js/1.js" rel="prefetch"><link href="/static/js/3.js" rel="prefetch"><link href="/static/js/chunk-common.js" rel="preload" as="script"><link href="/static/js/chunk-vendors.js" rel="preload" as="script"><link href="/static/js/lz.js" rel="preload" as="script"></head>

<body>
    <div id="app"></div>
<script type="text/javascript" src="/static/js/chunk-vendors.js"></script><script type="text/javascript" src="/static/js/chunk-common.js"></script><script type="text/javascript" src="/static/js/lz.js"></script></body>
<script>
</script>

</html>
[2019-12-11T17:46:51.219] [INFO] [Default] - GET 200 /static/js/chunk-common.js- 10ms 
    请求参数：{}
    响应参数：  ReadStream {
  _readableState: 
   ReadableState {
     objectMode: false,
     highWaterMark: 65536,
     buffer: BufferList { head: null, tail: null, length: 0 },
     length: 0,
     pipes: null,
     pipesCount: 0,
     flowing: null,
     ended: false,
     endEmitted: false,
     reading: false,
     sync: true,
     needReadable: false,
     emittedReadable: false,
     readableListening: false,
     resumeScheduled: false,
     destroyed: false,
     defaultEncoding: 'utf8',
     awaitDrain: 0,
     readingMore: false,
     decoder: null,
     encoding: null },
  readable: true,
  domain: null,
  _events: { end: [Function], error: [Function] },
  _eventsCount: 2,
  _maxListeners: undefined,
  path: '/Users/liuxiaomin/Documents/lz/lz-system-fe1/client/dist/static/js/chunk-common.js',
  fd: null,
  flags: 'r',
  mode: 438,
  start: undefined,
  end: undefined,
  autoClose: true,
  pos: undefined,
  bytesRead: 0 }
[2019-12-11T17:46:51.224] [INFO] [Default] - GET 200 /static/js/chunk-vendors.js- 9ms 
    请求参数：{}
    响应参数：  ReadStream {
  _readableState: 
   ReadableState {
     objectMode: false,
     highWaterMark: 65536,
     buffer: BufferList { head: null, tail: null, length: 0 },
     length: 0,
     pipes: null,
     pipesCount: 0,
     flowing: null,
     ended: false,
     endEmitted: false,
     reading: false,
     sync: true,
     needReadable: false,
     emittedReadable: false,
     readableListening: false,
     resumeScheduled: false,
     destroyed: false,
     defaultEncoding: 'utf8',
     awaitDrain: 0,
     readingMore: false,
     decoder: null,
     encoding: null },
  readable: true,
  domain: null,
  _events: { end: [Function], error: [Function] },
  _eventsCount: 2,
  _maxListeners: undefined,
  path: '/Users/liuxiaomin/Documents/lz/lz-system-fe1/client/dist/static/js/chunk-vendors.js',
  fd: null,
  flags: 'r',
  mode: 438,
  start: undefined,
  end: undefined,
  autoClose: true,
  pos: undefined,
  bytesRead: 0 }
[2019-12-11T17:46:51.226] [INFO] [Default] - GET 200 /static/js/lz.js- 11ms 
    请求参数：{}
    响应参数：  ReadStream {
  _readableState: 
   ReadableState {
     objectMode: false,
     highWaterMark: 65536,
     buffer: BufferList { head: null, tail: null, length: 0 },
     length: 0,
     pipes: null,
     pipesCount: 0,
     flowing: null,
     ended: false,
     endEmitted: false,
     reading: false,
     sync: true,
     needReadable: false,
     emittedReadable: false,
     readableListening: false,
     resumeScheduled: false,
     destroyed: false,
     defaultEncoding: 'utf8',
     awaitDrain: 0,
     readingMore: false,
     decoder: null,
     encoding: null },
  readable: true,
  domain: null,
  _events: { end: [Function], error: [Function] },
  _eventsCount: 2,
  _maxListeners: undefined,
  path: '/Users/liuxiaomin/Documents/lz/lz-system-fe1/client/dist/static/js/lz.js',
  fd: null,
  flags: 'r',
  mode: 438,
  start: undefined,
  end: undefined,
  autoClose: true,
  pos: undefined,
  bytesRead: 0 }
[2019-12-11T17:46:51.235] [INFO] [Default] - GET 200 /static/js/0.js- 19ms 
    请求参数：{}
    响应参数：  ReadStream {
  _readableState: 
   ReadableState {
     objectMode: false,
     highWaterMark: 65536,
     buffer: BufferList { head: null, tail: null, length: 0 },
     length: 0,
     pipes: null,
     pipesCount: 0,
     flowing: null,
     ended: false,
     endEmitted: false,
     reading: false,
     sync: true,
     needReadable: false,
     emittedReadable: false,
     readableListening: false,
     resumeScheduled: false,
     destroyed: false,
     defaultEncoding: 'utf8',
     awaitDrain: 0,
     readingMore: false,
     decoder: null,
     encoding: null },
  readable: true,
  domain: null,
  _events: { end: [Function], error: [Function] },
  _eventsCount: 2,
  _maxListeners: undefined,
  path: '/Users/liuxiaomin/Documents/lz/lz-system-fe1/client/dist/static/js/0.js',
  fd: null,
  flags: 'r',
  mode: 438,
  start: undefined,
  end: undefined,
  autoClose: true,
  pos: undefined,
  bytesRead: 0 }
[2019-12-11T17:46:51.251] [INFO] [Default] - GET 200 /static/js/1.js- 18ms 
    请求参数：{}
    响应参数：  ReadStream {
  _readableState: 
   ReadableState {
     objectMode: false,
     highWaterMark: 65536,
     buffer: BufferList { head: null, tail: null, length: 0 },
     length: 0,
     pipes: null,
     pipesCount: 0,
     flowing: null,
     ended: false,
     endEmitted: false,
     reading: false,
     sync: true,
     needReadable: false,
     emittedReadable: false,
     readableListening: false,
     resumeScheduled: false,
     destroyed: false,
     defaultEncoding: 'utf8',
     awaitDrain: 0,
     readingMore: false,
     decoder: null,
     encoding: null },
  readable: true,
  domain: null,
  _events: { end: [Function], error: [Function] },
  _eventsCount: 2,
  _maxListeners: undefined,
  path: '/Users/liuxiaomin/Documents/lz/lz-system-fe1/client/dist/static/js/1.js',
  fd: null,
  flags: 'r',
  mode: 438,
  start: undefined,
  end: undefined,
  autoClose: true,
  pos: undefined,
  bytesRead: 0 }
[2019-12-11T17:46:51.256] [INFO] [Default] - GET 200 /static/js/3.js- 22ms 
    请求参数：{}
    响应参数：  ReadStream {
  _readableState: 
   ReadableState {
     objectMode: false,
     highWaterMark: 65536,
     buffer: BufferList { head: null, tail: null, length: 0 },
     length: 0,
     pipes: null,
     pipesCount: 0,
     flowing: null,
     ended: false,
     endEmitted: false,
     reading: false,
     sync: true,
     needReadable: false,
     emittedReadable: false,
     readableListening: false,
     resumeScheduled: false,
     destroyed: false,
     defaultEncoding: 'utf8',
     awaitDrain: 0,
     readingMore: false,
     decoder: null,
     encoding: null },
  readable: true,
  domain: null,
  _events: { end: [Function], error: [Function] },
  _eventsCount: 2,
  _maxListeners: undefined,
  path: '/Users/liuxiaomin/Documents/lz/lz-system-fe1/client/dist/static/js/3.js',
  fd: null,
  flags: 'r',
  mode: 438,
  start: undefined,
  end: undefined,
  autoClose: true,
  pos: undefined,
  bytesRead: 0 }
[2019-12-11T17:46:51.813] [INFO] [Default] - GET 200 /static/js/1.js- 1ms 
    请求参数：{}
    响应参数：  ReadStream {
  _readableState: 
   ReadableState {
     objectMode: false,
     highWaterMark: 65536,
     buffer: BufferList { head: null, tail: null, length: 0 },
     length: 0,
     pipes: null,
     pipesCount: 0,
     flowing: null,
     ended: false,
     endEmitted: false,
     reading: false,
     sync: true,
     needReadable: false,
     emittedReadable: false,
     readableListening: false,
     resumeScheduled: false,
     destroyed: false,
     defaultEncoding: 'utf8',
     awaitDrain: 0,
     readingMore: false,
     decoder: null,
     encoding: null },
  readable: true,
  domain: null,
  _events: { end: [Function], error: [Function] },
  _eventsCount: 2,
  _maxListeners: undefined,
  path: '/Users/liuxiaomin/Documents/lz/lz-system-fe1/client/dist/static/js/1.js',
  fd: null,
  flags: 'r',
  mode: 438,
  start: undefined,
  end: undefined,
  autoClose: true,
  pos: undefined,
  bytesRead: 0 }
[2019-12-11T17:46:51.918] [INFO] [Default] - GET 200 /static/fonts/element-icons.535877f5.woff- 1ms 
    请求参数：{}
    响应参数：  ReadStream {
  _readableState: 
   ReadableState {
     objectMode: false,
     highWaterMark: 65536,
     buffer: BufferList { head: null, tail: null, length: 0 },
     length: 0,
     pipes: null,
     pipesCount: 0,
     flowing: null,
     ended: false,
     endEmitted: false,
     reading: false,
     sync: true,
     needReadable: false,
     emittedReadable: false,
     readableListening: false,
     resumeScheduled: false,
     destroyed: false,
     defaultEncoding: 'utf8',
     awaitDrain: 0,
     readingMore: false,
     decoder: null,
     encoding: null },
  readable: true,
  domain: null,
  _events: { end: [Function], error: [Function] },
  _eventsCount: 2,
  _maxListeners: undefined,
  path: '/Users/liuxiaomin/Documents/lz/lz-system-fe1/client/dist/static/fonts/element-icons.535877f5.woff',
  fd: null,
  flags: 'r',
  mode: 438,
  start: undefined,
  end: undefined,
  autoClose: true,
  pos: undefined,
  bytesRead: 0 }
[2019-12-11T17:46:54.539] [INFO] [Default] - GET 200 /lz- 1ms 
    请求参数：{}
    响应参数：  <!DOCTYPE html>
<html lang="en">

<head>
    <meta charset="utf-8" />
    <meta http-equiv="X-UA-Compatible" content="IE=edge" />
    <meta name="viewport" content="width=device-width,initial-scale=1.0" />
    <link rel="icon" href="http://test.gundam.aty.sohuno.com/favicon.ico" />
    <title>灵众票务平台</title>
<link href="/static/js/0.js" rel="prefetch"><link href="/static/js/1.js" rel="prefetch"><link href="/static/js/3.js" rel="prefetch"><link href="/static/js/chunk-common.js" rel="preload" as="script"><link href="/static/js/chunk-vendors.js" rel="preload" as="script"><link href="/static/js/lz.js" rel="preload" as="script"></head>

<body>
    <div id="app"></div>
<script type="text/javascript" src="/static/js/chunk-vendors.js"></script><script type="text/javascript" src="/static/js/chunk-common.js"></script><script type="text/javascript" src="/static/js/lz.js"></script></body>
<script>
</script>

</html>
[2019-12-11T17:46:54.579] [INFO] [Default] - GET 200 /static/js/chunk-common.js- 3ms 
    请求参数：{}
    响应参数：  ReadStream {
  _readableState: 
   ReadableState {
     objectMode: false,
     highWaterMark: 65536,
     buffer: BufferList { head: null, tail: null, length: 0 },
     length: 0,
     pipes: null,
     pipesCount: 0,
     flowing: null,
     ended: false,
     endEmitted: false,
     reading: false,
     sync: true,
     needReadable: false,
     emittedReadable: false,
     readableListening: false,
     resumeScheduled: false,
     destroyed: false,
     defaultEncoding: 'utf8',
     awaitDrain: 0,
     readingMore: false,
     decoder: null,
     encoding: null },
  readable: true,
  domain: null,
  _events: { end: [Function], error: [Function] },
  _eventsCount: 2,
  _maxListeners: undefined,
  path: '/Users/liuxiaomin/Documents/lz/lz-system-fe1/client/dist/static/js/chunk-common.js',
  fd: null,
  flags: 'r',
  mode: 438,
  start: undefined,
  end: undefined,
  autoClose: true,
  pos: undefined,
  bytesRead: 0 }
[2019-12-11T17:46:54.584] [INFO] [Default] - GET 200 /static/js/chunk-vendors.js- 7ms 
    请求参数：{}
    响应参数：  ReadStream {
  _readableState: 
   ReadableState {
     objectMode: false,
     highWaterMark: 65536,
     buffer: BufferList { head: null, tail: null, length: 0 },
     length: 0,
     pipes: null,
     pipesCount: 0,
     flowing: null,
     ended: false,
     endEmitted: false,
     reading: false,
     sync: true,
     needReadable: false,
     emittedReadable: false,
     readableListening: false,
     resumeScheduled: false,
     destroyed: false,
     defaultEncoding: 'utf8',
     awaitDrain: 0,
     readingMore: false,
     decoder: null,
     encoding: null },
  readable: true,
  domain: null,
  _events: { end: [Function], error: [Function] },
  _eventsCount: 2,
  _maxListeners: undefined,
  path: '/Users/liuxiaomin/Documents/lz/lz-system-fe1/client/dist/static/js/chunk-vendors.js',
  fd: null,
  flags: 'r',
  mode: 438,
  start: undefined,
  end: undefined,
  autoClose: true,
  pos: undefined,
  bytesRead: 0 }
[2019-12-11T17:46:54.589] [INFO] [Default] - GET 200 /static/js/lz.js- 11ms 
    请求参数：{}
    响应参数：  ReadStream {
  _readableState: 
   ReadableState {
     objectMode: false,
     highWaterMark: 65536,
     buffer: BufferList { head: null, tail: null, length: 0 },
     length: 0,
     pipes: null,
     pipesCount: 0,
     flowing: null,
     ended: false,
     endEmitted: false,
     reading: false,
     sync: true,
     needReadable: false,
     emittedReadable: false,
     readableListening: false,
     resumeScheduled: false,
     destroyed: false,
     defaultEncoding: 'utf8',
     awaitDrain: 0,
     readingMore: false,
     decoder: null,
     encoding: null },
  readable: true,
  domain: null,
  _events: { end: [Function], error: [Function] },
  _eventsCount: 2,
  _maxListeners: undefined,
  path: '/Users/liuxiaomin/Documents/lz/lz-system-fe1/client/dist/static/js/lz.js',
  fd: null,
  flags: 'r',
  mode: 438,
  start: undefined,
  end: undefined,
  autoClose: true,
  pos: undefined,
  bytesRead: 0 }
[2019-12-11T17:46:54.597] [INFO] [Default] - GET 200 /static/js/0.js- 5ms 
    请求参数：{}
    响应参数：  ReadStream {
  _readableState: 
   ReadableState {
     objectMode: false,
     highWaterMark: 65536,
     buffer: BufferList { head: null, tail: null, length: 0 },
     length: 0,
     pipes: null,
     pipesCount: 0,
     flowing: null,
     ended: false,
     endEmitted: false,
     reading: false,
     sync: true,
     needReadable: false,
     emittedReadable: false,
     readableListening: false,
     resumeScheduled: false,
     destroyed: false,
     defaultEncoding: 'utf8',
     awaitDrain: 0,
     readingMore: false,
     decoder: null,
     encoding: null },
  readable: true,
  domain: null,
  _events: { end: [Function], error: [Function] },
  _eventsCount: 2,
  _maxListeners: undefined,
  path: '/Users/liuxiaomin/Documents/lz/lz-system-fe1/client/dist/static/js/0.js',
  fd: null,
  flags: 'r',
  mode: 438,
  start: undefined,
  end: undefined,
  autoClose: true,
  pos: undefined,
  bytesRead: 0 }
[2019-12-11T17:46:54.601] [INFO] [Default] - GET 200 /static/js/1.js- 9ms 
    请求参数：{}
    响应参数：  ReadStream {
  _readableState: 
   ReadableState {
     objectMode: false,
     highWaterMark: 65536,
     buffer: BufferList { head: null, tail: null, length: 0 },
     length: 0,
     pipes: null,
     pipesCount: 0,
     flowing: null,
     ended: false,
     endEmitted: false,
     reading: false,
     sync: true,
     needReadable: false,
     emittedReadable: false,
     readableListening: false,
     resumeScheduled: false,
     destroyed: false,
     defaultEncoding: 'utf8',
     awaitDrain: 0,
     readingMore: false,
     decoder: null,
     encoding: null },
  readable: true,
  domain: null,
  _events: { end: [Function], error: [Function] },
  _eventsCount: 2,
  _maxListeners: undefined,
  path: '/Users/liuxiaomin/Documents/lz/lz-system-fe1/client/dist/static/js/1.js',
  fd: null,
  flags: 'r',
  mode: 438,
  start: undefined,
  end: undefined,
  autoClose: true,
  pos: undefined,
  bytesRead: 0 }
[2019-12-11T17:46:54.606] [INFO] [Default] - GET 200 /static/js/3.js- 13ms 
    请求参数：{}
    响应参数：  ReadStream {
  _readableState: 
   ReadableState {
     objectMode: false,
     highWaterMark: 65536,
     buffer: BufferList { head: null, tail: null, length: 0 },
     length: 0,
     pipes: null,
     pipesCount: 0,
     flowing: null,
     ended: false,
     endEmitted: false,
     reading: false,
     sync: true,
     needReadable: false,
     emittedReadable: false,
     readableListening: false,
     resumeScheduled: false,
     destroyed: false,
     defaultEncoding: 'utf8',
     awaitDrain: 0,
     readingMore: false,
     decoder: null,
     encoding: null },
  readable: true,
  domain: null,
  _events: { end: [Function], error: [Function] },
  _eventsCount: 2,
  _maxListeners: undefined,
  path: '/Users/liuxiaomin/Documents/lz/lz-system-fe1/client/dist/static/js/3.js',
  fd: null,
  flags: 'r',
  mode: 438,
  start: undefined,
  end: undefined,
  autoClose: true,
  pos: undefined,
  bytesRead: 0 }
[2019-12-11T17:46:55.023] [INFO] [Default] - GET 200 /static/js/1.js- 2ms 
    请求参数：{}
    响应参数：  ReadStream {
  _readableState: 
   ReadableState {
     objectMode: false,
     highWaterMark: 65536,
     buffer: BufferList { head: null, tail: null, length: 0 },
     length: 0,
     pipes: null,
     pipesCount: 0,
     flowing: null,
     ended: false,
     endEmitted: false,
     reading: false,
     sync: true,
     needReadable: false,
     emittedReadable: false,
     readableListening: false,
     resumeScheduled: false,
     destroyed: false,
     defaultEncoding: 'utf8',
     awaitDrain: 0,
     readingMore: false,
     decoder: null,
     encoding: null },
  readable: true,
  domain: null,
  _events: { end: [Function], error: [Function] },
  _eventsCount: 2,
  _maxListeners: undefined,
  path: '/Users/liuxiaomin/Documents/lz/lz-system-fe1/client/dist/static/js/1.js',
  fd: null,
  flags: 'r',
  mode: 438,
  start: undefined,
  end: undefined,
  autoClose: true,
  pos: undefined,
  bytesRead: 0 }
[2019-12-11T17:46:55.121] [INFO] [Default] - GET 200 /static/fonts/element-icons.535877f5.woff- 1ms 
    请求参数：{}
    响应参数：  ReadStream {
  _readableState: 
   ReadableState {
     objectMode: false,
     highWaterMark: 65536,
     buffer: BufferList { head: null, tail: null, length: 0 },
     length: 0,
     pipes: null,
     pipesCount: 0,
     flowing: null,
     ended: false,
     endEmitted: false,
     reading: false,
     sync: true,
     needReadable: false,
     emittedReadable: false,
     readableListening: false,
     resumeScheduled: false,
     destroyed: false,
     defaultEncoding: 'utf8',
     awaitDrain: 0,
     readingMore: false,
     decoder: null,
     encoding: null },
  readable: true,
  domain: null,
  _events: { end: [Function], error: [Function] },
  _eventsCount: 2,
  _maxListeners: undefined,
  path: '/Users/liuxiaomin/Documents/lz/lz-system-fe1/client/dist/static/fonts/element-icons.535877f5.woff',
  fd: null,
  flags: 'r',
  mode: 438,
  start: undefined,
  end: undefined,
  autoClose: true,
  pos: undefined,
  bytesRead: 0 }
[2019-12-11T17:51:10.769] [INFO] [Default] - GET 200 /lz- 14ms 
    请求参数：{}
    响应参数：  <!DOCTYPE html>
<html lang="en">

<head>
    <meta charset="utf-8" />
    <meta http-equiv="X-UA-Compatible" content="IE=edge" />
    <meta name="viewport" content="width=device-width,initial-scale=1.0" />
    <link rel="icon" href="http://test.gundam.aty.sohuno.com/favicon.ico" />
    <title>灵众票务平台</title>
<link href="/static/js/0.js" rel="prefetch"><link href="/static/js/1.js" rel="prefetch"><link href="/static/js/3.js" rel="prefetch"><link href="/static/js/chunk-common.js" rel="preload" as="script"><link href="/static/js/chunk-vendors.js" rel="preload" as="script"><link href="/static/js/lz.js" rel="preload" as="script"></head>

<body>
    <div id="app"></div>
<script type="text/javascript" src="/static/js/chunk-vendors.js"></script><script type="text/javascript" src="/static/js/chunk-common.js"></script><script type="text/javascript" src="/static/js/lz.js"></script></body>
<script>
</script>

</html>
[2019-12-11T17:51:10.840] [INFO] [Default] - GET 200 /static/js/chunk-common.js- 11ms 
    请求参数：{}
    响应参数：  忽略显示
[2019-12-11T17:51:10.843] [INFO] [Default] - GET 200 /static/js/lz.js- 7ms 
    请求参数：{}
    响应参数：  忽略显示
[2019-12-11T17:51:10.844] [INFO] [Default] - GET 200 /static/js/chunk-vendors.js- 9ms 
    请求参数：{}
    响应参数：  忽略显示
[2019-12-11T17:51:10.873] [INFO] [Default] - GET 200 /static/js/0.js- 6ms 
    请求参数：{}
    响应参数：  忽略显示
[2019-12-11T17:51:10.874] [INFO] [Default] - GET 200 /static/js/1.js- 6ms 
    请求参数：{}
    响应参数：  忽略显示
[2019-12-11T17:51:10.874] [INFO] [Default] - GET 200 /static/js/3.js- 6ms 
    请求参数：{}
    响应参数：  忽略显示
[2019-12-11T17:51:11.429] [INFO] [Default] - GET 200 /static/js/1.js- 0ms 
    请求参数：{}
    响应参数：  忽略显示
[2019-12-11T17:51:11.562] [INFO] [Default] - GET 200 /static/fonts/element-icons.535877f5.woff- 0ms 
    请求参数：{}
    响应参数：  忽略显示
[2019-12-11T17:52:17.658] [INFO] [Default] - GET 200 /static/js/chunk-common.js- 8ms 
    请求参数：{}
    响应参数：  ReadStream {
  _readableState: 
   ReadableState {
     objectMode: false,
     highWaterMark: 65536,
     buffer: BufferList { head: null, tail: null, length: 0 },
     length: 0,
     pipes: null,
     pipesCount: 0,
     flowing: null,
     ended: false,
     endEmitted: false,
     reading: false,
     sync: true,
     needReadable: false,
     emittedReadable: false,
     readableListening: false,
     resumeScheduled: false,
     destroyed: false,
     defaultEncoding: 'utf8',
     awaitDrain: 0,
     readingMore: false,
     decoder: null,
     encoding: null },
  readable: true,
  domain: null,
  _events: { end: [Function], error: [Function] },
  _eventsCount: 2,
  _maxListeners: undefined,
  path: '/Users/liuxiaomin/Documents/lz/lz-system-fe1/client/dist/static/js/chunk-common.js',
  fd: null,
  flags: 'r',
  mode: 438,
  start: undefined,
  end: undefined,
  autoClose: true,
  pos: undefined,
  bytesRead: 0 }
[2019-12-11T17:52:17.665] [INFO] [Default] - GET 200 /static/js/chunk-vendors.js- 11ms 
    请求参数：{}
    响应参数：  ReadStream {
  _readableState: 
   ReadableState {
     objectMode: false,
     highWaterMark: 65536,
     buffer: BufferList { head: null, tail: null, length: 0 },
     length: 0,
     pipes: null,
     pipesCount: 0,
     flowing: null,
     ended: false,
     endEmitted: false,
     reading: false,
     sync: true,
     needReadable: false,
     emittedReadable: false,
     readableListening: false,
     resumeScheduled: false,
     destroyed: false,
     defaultEncoding: 'utf8',
     awaitDrain: 0,
     readingMore: false,
     decoder: null,
     encoding: null },
  readable: true,
  domain: null,
  _events: { end: [Function], error: [Function] },
  _eventsCount: 2,
  _maxListeners: undefined,
  path: '/Users/liuxiaomin/Documents/lz/lz-system-fe1/client/dist/static/js/chunk-vendors.js',
  fd: null,
  flags: 'r',
  mode: 438,
  start: undefined,
  end: undefined,
  autoClose: true,
  pos: undefined,
  bytesRead: 0 }
[2019-12-11T17:52:17.670] [INFO] [Default] - GET 200 /static/js/lz.js- 16ms 
    请求参数：{}
    响应参数：  ReadStream {
  _readableState: 
   ReadableState {
     objectMode: false,
     highWaterMark: 65536,
     buffer: BufferList { head: null, tail: null, length: 0 },
     length: 0,
     pipes: null,
     pipesCount: 0,
     flowing: null,
     ended: false,
     endEmitted: false,
     reading: false,
     sync: true,
     needReadable: false,
     emittedReadable: false,
     readableListening: false,
     resumeScheduled: false,
     destroyed: false,
     defaultEncoding: 'utf8',
     awaitDrain: 0,
     readingMore: false,
     decoder: null,
     encoding: null },
  readable: true,
  domain: null,
  _events: { end: [Function], error: [Function] },
  _eventsCount: 2,
  _maxListeners: undefined,
  path: '/Users/liuxiaomin/Documents/lz/lz-system-fe1/client/dist/static/js/lz.js',
  fd: null,
  flags: 'r',
  mode: 438,
  start: undefined,
  end: undefined,
  autoClose: true,
  pos: undefined,
  bytesRead: 0 }
[2019-12-11T17:52:17.672] [INFO] [Default] - GET 200 /static/js/0.js- 17ms 
    请求参数：{}
    响应参数：  ReadStream {
  _readableState: 
   ReadableState {
     objectMode: false,
     highWaterMark: 65536,
     buffer: BufferList { head: null, tail: null, length: 0 },
     length: 0,
     pipes: null,
     pipesCount: 0,
     flowing: null,
     ended: false,
     endEmitted: false,
     reading: false,
     sync: true,
     needReadable: false,
     emittedReadable: false,
     readableListening: false,
     resumeScheduled: false,
     destroyed: false,
     defaultEncoding: 'utf8',
     awaitDrain: 0,
     readingMore: false,
     decoder: null,
     encoding: null },
  readable: true,
  domain: null,
  _events: { end: [Function], error: [Function] },
  _eventsCount: 2,
  _maxListeners: undefined,
  path: '/Users/liuxiaomin/Documents/lz/lz-system-fe1/client/dist/static/js/0.js',
  fd: null,
  flags: 'r',
  mode: 438,
  start: undefined,
  end: undefined,
  autoClose: true,
  pos: undefined,
  bytesRead: 0 }
[2019-12-11T17:52:17.676] [INFO] [Default] - GET 200 /static/js/1.js- 20ms 
    请求参数：{}
    响应参数：  ReadStream {
  _readableState: 
   ReadableState {
     objectMode: false,
     highWaterMark: 65536,
     buffer: BufferList { head: null, tail: null, length: 0 },
     length: 0,
     pipes: null,
     pipesCount: 0,
     flowing: null,
     ended: false,
     endEmitted: false,
     reading: false,
     sync: true,
     needReadable: false,
     emittedReadable: false,
     readableListening: false,
     resumeScheduled: false,
     destroyed: false,
     defaultEncoding: 'utf8',
     awaitDrain: 0,
     readingMore: false,
     decoder: null,
     encoding: null },
  readable: true,
  domain: null,
  _events: { end: [Function], error: [Function] },
  _eventsCount: 2,
  _maxListeners: undefined,
  path: '/Users/liuxiaomin/Documents/lz/lz-system-fe1/client/dist/static/js/1.js',
  fd: null,
  flags: 'r',
  mode: 438,
  start: undefined,
  end: undefined,
  autoClose: true,
  pos: undefined,
  bytesRead: 0 }
[2019-12-11T17:52:17.687] [INFO] [Default] - GET 200 /static/js/3.js- 31ms 
    请求参数：{}
    响应参数：  ReadStream {
  _readableState: 
   ReadableState {
     objectMode: false,
     highWaterMark: 65536,
     buffer: BufferList { head: null, tail: null, length: 0 },
     length: 0,
     pipes: null,
     pipesCount: 0,
     flowing: null,
     ended: false,
     endEmitted: false,
     reading: false,
     sync: true,
     needReadable: false,
     emittedReadable: false,
     readableListening: false,
     resumeScheduled: false,
     destroyed: false,
     defaultEncoding: 'utf8',
     awaitDrain: 0,
     readingMore: false,
     decoder: null,
     encoding: null },
  readable: true,
  domain: null,
  _events: { end: [Function], error: [Function] },
  _eventsCount: 2,
  _maxListeners: undefined,
  path: '/Users/liuxiaomin/Documents/lz/lz-system-fe1/client/dist/static/js/3.js',
  fd: null,
  flags: 'r',
  mode: 438,
  start: undefined,
  end: undefined,
  autoClose: true,
  pos: undefined,
  bytesRead: 0 }
[2019-12-11T17:52:18.165] [INFO] [Default] - GET 200 /static/js/1.js- 1ms 
    请求参数：{}
    响应参数：  ReadStream {
  _readableState: 
   ReadableState {
     objectMode: false,
     highWaterMark: 65536,
     buffer: BufferList { head: null, tail: null, length: 0 },
     length: 0,
     pipes: null,
     pipesCount: 0,
     flowing: null,
     ended: false,
     endEmitted: false,
     reading: false,
     sync: true,
     needReadable: false,
     emittedReadable: false,
     readableListening: false,
     resumeScheduled: false,
     destroyed: false,
     defaultEncoding: 'utf8',
     awaitDrain: 0,
     readingMore: false,
     decoder: null,
     encoding: null },
  readable: true,
  domain: null,
  _events: { end: [Function], error: [Function] },
  _eventsCount: 2,
  _maxListeners: undefined,
  path: '/Users/liuxiaomin/Documents/lz/lz-system-fe1/client/dist/static/js/1.js',
  fd: null,
  flags: 'r',
  mode: 438,
  start: undefined,
  end: undefined,
  autoClose: true,
  pos: undefined,
  bytesRead: 0 }
[2019-12-11T17:52:18.274] [INFO] [Default] - GET 200 /static/fonts/element-icons.535877f5.woff- 1ms 
    请求参数：{}
    响应参数：  ReadStream {
  _readableState: 
   ReadableState {
     objectMode: false,
     highWaterMark: 65536,
     buffer: BufferList { head: null, tail: null, length: 0 },
     length: 0,
     pipes: null,
     pipesCount: 0,
     flowing: null,
     ended: false,
     endEmitted: false,
     reading: false,
     sync: true,
     needReadable: false,
     emittedReadable: false,
     readableListening: false,
     resumeScheduled: false,
     destroyed: false,
     defaultEncoding: 'utf8',
     awaitDrain: 0,
     readingMore: false,
     decoder: null,
     encoding: null },
  readable: true,
  domain: null,
  _events: { end: [Function], error: [Function] },
  _eventsCount: 2,
  _maxListeners: undefined,
  path: '/Users/liuxiaomin/Documents/lz/lz-system-fe1/client/dist/static/fonts/element-icons.535877f5.woff',
  fd: null,
  flags: 'r',
  mode: 438,
  start: undefined,
  end: undefined,
  autoClose: true,
  pos: undefined,
  bytesRead: 0 }
[2019-12-11T17:52:32.858] [INFO] [Default] - GET 200 /lz- 10ms 
    请求参数：{}
    响应参数：  <!DOCTYPE html>
<html lang="en">

<head>
    <meta charset="utf-8" />
    <meta http-equiv="X-UA-Compatible" content="IE=edge" />
    <meta name="viewport" content="width=device-width,initial-scale=1.0" />
    <link rel="icon" href="http://test.gundam.aty.sohuno.com/favicon.ico" />
    <title>灵众票务平台</title>
<link href="/static/js/0.js" rel="prefetch"><link href="/static/js/1.js" rel="prefetch"><link href="/static/js/3.js" rel="prefetch"><link href="/static/js/chunk-common.js" rel="preload" as="script"><link href="/static/js/chunk-vendors.js" rel="preload" as="script"><link href="/static/js/lz.js" rel="preload" as="script"></head>

<body>
    <div id="app"></div>
<script type="text/javascript" src="/static/js/chunk-vendors.js"></script><script type="text/javascript" src="/static/js/chunk-common.js"></script><script type="text/javascript" src="/static/js/lz.js"></script></body>
<script>
</script>

</html>
