[2019-12-14T09:29:23.344] [INFO] access - ::1 - - "GET /lz-admin HTTP/1.1" 200 707 "http://localhost:3005/lz-admin" "Mozilla/5.0 (Macintosh; Intel Mac OS X 10_13_4) AppleWebKit/537.36 (KHTML, like Gecko) Chrome/78.0.3904.108 Safari/537.36"
[2019-12-14T09:29:23.443] [INFO] access - ::1 - - "GET /static/js/chunk-vendors.js HTTP/1.1" 200 2010030 "http://localhost:3005/lz-admin" "Mozilla/5.0 (Macintosh; Intel Mac OS X 10_13_4) AppleWebKit/537.36 (KHTML, like Gecko) Chrome/78.0.3904.108 Safari/537.36"
[2019-12-14T09:29:23.444] [INFO] access - ::1 - - "GET /static/js/lzAdmin.js HTTP/1.1" 200 259974 "http://localhost:3005/lz-admin" "Mozilla/5.0 (Macintosh; Intel Mac OS X 10_13_4) AppleWebKit/537.36 (KHTML, like Gecko) Chrome/78.0.3904.108 Safari/537.36"
[2019-12-14T09:29:23.752] [INFO] access - ::1 - - "GET /static/fonts/element-icons.535877f5.woff HTTP/1.1" 200 28200 "http://localhost:3005/lz-admin" "Mozilla/5.0 (Macintosh; Intel Mac OS X 10_13_4) AppleWebKit/537.36 (KHTML, like Gecko) Chrome/78.0.3904.108 Safari/537.36"
[2019-12-14T09:30:24.987] [INFO] access - ::1 - - "GET /lz-admin HTTP/1.1" 200 707 "http://localhost:3005/lz-admin" "Mozilla/5.0 (Macintosh; Intel Mac OS X 10_13_4) AppleWebKit/537.36 (KHTML, like Gecko) Chrome/78.0.3904.108 Safari/537.36"
[2019-12-14T09:30:25.047] [INFO] access - ::1 - - "GET /static/js/chunk-vendors.js HTTP/1.1" 200 2010030 "http://localhost:3005/lz-admin" "Mozilla/5.0 (Macintosh; Intel Mac OS X 10_13_4) AppleWebKit/537.36 (KHTML, like Gecko) Chrome/78.0.3904.108 Safari/537.36"
[2019-12-14T09:30:25.050] [INFO] access - ::1 - - "GET /static/js/lzAdmin.js HTTP/1.1" 200 259974 "http://localhost:3005/lz-admin" "Mozilla/5.0 (Macintosh; Intel Mac OS X 10_13_4) AppleWebKit/537.36 (KHTML, like Gecko) Chrome/78.0.3904.108 Safari/537.36"
[2019-12-14T09:30:25.406] [INFO] access - ::1 - - "GET /static/fonts/element-icons.535877f5.woff HTTP/1.1" 200 28200 "http://localhost:3005/lz-admin" "Mozilla/5.0 (Macintosh; Intel Mac OS X 10_13_4) AppleWebKit/537.36 (KHTML, like Gecko) Chrome/78.0.3904.108 Safari/537.36"
[2019-12-14T09:30:32.866] [INFO] access - ::1 - - "GET /lz-admin HTTP/1.1" 200 707 "" "Mozilla/5.0 (Macintosh; Intel Mac OS X 10_13_4) AppleWebKit/537.36 (KHTML, like Gecko) Chrome/78.0.3904.108 Safari/537.36"
[2019-12-14T09:30:32.965] [INFO] access - ::1 - - "GET /static/js/chunk-vendors.js HTTP/1.1" 200 2010030 "http://localhost:3005/lz-admin" "Mozilla/5.0 (Macintosh; Intel Mac OS X 10_13_4) AppleWebKit/537.36 (KHTML, like Gecko) Chrome/78.0.3904.108 Safari/537.36"
[2019-12-14T09:30:32.967] [INFO] access - ::1 - - "GET /static/js/lzAdmin.js HTTP/1.1" 200 259974 "http://localhost:3005/lz-admin" "Mozilla/5.0 (Macintosh; Intel Mac OS X 10_13_4) AppleWebKit/537.36 (KHTML, like Gecko) Chrome/78.0.3904.108 Safari/537.36"
[2019-12-14T09:30:33.368] [INFO] access - ::1 - - "GET /static/fonts/element-icons.535877f5.woff HTTP/1.1" 200 28200 "http://localhost:3005/lz-admin" "Mozilla/5.0 (Macintosh; Intel Mac OS X 10_13_4) AppleWebKit/537.36 (KHTML, like Gecko) Chrome/78.0.3904.108 Safari/537.36"
[2019-12-14T09:32:26.544] [INFO] access - ::1 - - "GET /lz-admin HTTP/1.1" 200 707 "" "Mozilla/5.0 (Macintosh; Intel Mac OS X 10_13_4) AppleWebKit/537.36 (KHTML, like Gecko) Chrome/78.0.3904.108 Safari/537.36"
[2019-12-14T09:32:26.714] [INFO] access - ::1 - - "GET /static/js/chunk-vendors.js HTTP/1.1" 200 2010030 "http://localhost:3005/lz-admin" "Mozilla/5.0 (Macintosh; Intel Mac OS X 10_13_4) AppleWebKit/537.36 (KHTML, like Gecko) Chrome/78.0.3904.108 Safari/537.36"
[2019-12-14T09:32:26.716] [INFO] access - ::1 - - "GET /static/js/lzAdmin.js HTTP/1.1" 200 259974 "http://localhost:3005/lz-admin" "Mozilla/5.0 (Macintosh; Intel Mac OS X 10_13_4) AppleWebKit/537.36 (KHTML, like Gecko) Chrome/78.0.3904.108 Safari/537.36"
[2019-12-14T09:32:27.027] [INFO] access - ::1 - - "GET /static/fonts/element-icons.535877f5.woff HTTP/1.1" 200 28200 "http://localhost:3005/lz-admin" "Mozilla/5.0 (Macintosh; Intel Mac OS X 10_13_4) AppleWebKit/537.36 (KHTML, like Gecko) Chrome/78.0.3904.108 Safari/537.36"
[2019-12-14T09:32:38.911] [INFO] access - ::1 - - "GET /lz-admin HTTP/1.1" 200 707 "" "Mozilla/5.0 (Macintosh; Intel Mac OS X 10_13_4) AppleWebKit/537.36 (KHTML, like Gecko) Chrome/78.0.3904.108 Safari/537.36"
[2019-12-14T09:32:38.960] [INFO] access - ::1 - - "GET /static/js/chunk-vendors.js HTTP/1.1" 200 2010030 "http://localhost:3005/lz-admin" "Mozilla/5.0 (Macintosh; Intel Mac OS X 10_13_4) AppleWebKit/537.36 (KHTML, like Gecko) Chrome/78.0.3904.108 Safari/537.36"
[2019-12-14T09:32:38.961] [INFO] access - ::1 - - "GET /static/js/lzAdmin.js HTTP/1.1" 200 259974 "http://localhost:3005/lz-admin" "Mozilla/5.0 (Macintosh; Intel Mac OS X 10_13_4) AppleWebKit/537.36 (KHTML, like Gecko) Chrome/78.0.3904.108 Safari/537.36"
[2019-12-14T09:32:39.180] [INFO] access - ::1 - - "GET /static/fonts/element-icons.535877f5.woff HTTP/1.1" 200 28200 "http://localhost:3005/lz-admin" "Mozilla/5.0 (Macintosh; Intel Mac OS X 10_13_4) AppleWebKit/537.36 (KHTML, like Gecko) Chrome/78.0.3904.108 Safari/537.36"
[2019-12-14T09:33:15.463] [INFO] access - ::1 - - "GET /lz-admin HTTP/1.1" 200 707 "" "Mozilla/5.0 (Macintosh; Intel Mac OS X 10_13_4) AppleWebKit/537.36 (KHTML, like Gecko) Chrome/78.0.3904.108 Safari/537.36"
[2019-12-14T09:33:15.519] [INFO] access - ::1 - - "GET /static/js/chunk-vendors.js HTTP/1.1" 200 2010030 "http://localhost:3005/lz-admin" "Mozilla/5.0 (Macintosh; Intel Mac OS X 10_13_4) AppleWebKit/537.36 (KHTML, like Gecko) Chrome/78.0.3904.108 Safari/537.36"
[2019-12-14T09:33:15.522] [INFO] access - ::1 - - "GET /static/js/lzAdmin.js HTTP/1.1" 200 259974 "http://localhost:3005/lz-admin" "Mozilla/5.0 (Macintosh; Intel Mac OS X 10_13_4) AppleWebKit/537.36 (KHTML, like Gecko) Chrome/78.0.3904.108 Safari/537.36"
[2019-12-14T09:33:15.815] [INFO] access - ::1 - - "GET /static/fonts/element-icons.535877f5.woff HTTP/1.1" 200 28200 "http://localhost:3005/lz-admin" "Mozilla/5.0 (Macintosh; Intel Mac OS X 10_13_4) AppleWebKit/537.36 (KHTML, like Gecko) Chrome/78.0.3904.108 Safari/537.36"
[2019-12-14T09:33:22.258] [INFO] access - ::1 - - "GET /lz-admin HTTP/1.1" 200 707 "" "Mozilla/5.0 (Macintosh; Intel Mac OS X 10_13_4) AppleWebKit/537.36 (KHTML, like Gecko) Chrome/78.0.3904.108 Safari/537.36"
[2019-12-14T09:33:22.303] [INFO] access - ::1 - - "GET /static/js/chunk-vendors.js HTTP/1.1" 200 2010030 "http://localhost:3005/lz-admin" "Mozilla/5.0 (Macintosh; Intel Mac OS X 10_13_4) AppleWebKit/537.36 (KHTML, like Gecko) Chrome/78.0.3904.108 Safari/537.36"
[2019-12-14T09:33:22.304] [INFO] access - ::1 - - "GET /static/js/lzAdmin.js HTTP/1.1" 200 259974 "http://localhost:3005/lz-admin" "Mozilla/5.0 (Macintosh; Intel Mac OS X 10_13_4) AppleWebKit/537.36 (KHTML, like Gecko) Chrome/78.0.3904.108 Safari/537.36"
[2019-12-14T09:33:22.587] [INFO] access - ::1 - - "GET /static/fonts/element-icons.535877f5.woff HTTP/1.1" 200 28200 "http://localhost:3005/lz-admin" "Mozilla/5.0 (Macintosh; Intel Mac OS X 10_13_4) AppleWebKit/537.36 (KHTML, like Gecko) Chrome/78.0.3904.108 Safari/537.36"
[2019-12-14T09:34:01.194] [INFO] access - ::1 - - "GET /lz-admin HTTP/1.1" 200 707 "" "Mozilla/5.0 (Macintosh; Intel Mac OS X 10_13_4) AppleWebKit/537.36 (KHTML, like Gecko) Chrome/78.0.3904.108 Safari/537.36"
[2019-12-14T09:34:01.237] [INFO] access - ::1 - - "GET /static/js/chunk-vendors.js HTTP/1.1" 200 2010030 "http://localhost:3005/lz-admin" "Mozilla/5.0 (Macintosh; Intel Mac OS X 10_13_4) AppleWebKit/537.36 (KHTML, like Gecko) Chrome/78.0.3904.108 Safari/537.36"
[2019-12-14T09:34:01.238] [INFO] access - ::1 - - "GET /static/js/lzAdmin.js HTTP/1.1" 200 259974 "http://localhost:3005/lz-admin" "Mozilla/5.0 (Macintosh; Intel Mac OS X 10_13_4) AppleWebKit/537.36 (KHTML, like Gecko) Chrome/78.0.3904.108 Safari/537.36"
[2019-12-14T09:34:01.563] [INFO] access - ::1 - - "GET /static/fonts/element-icons.535877f5.woff HTTP/1.1" 200 28200 "http://localhost:3005/lz-admin" "Mozilla/5.0 (Macintosh; Intel Mac OS X 10_13_4) AppleWebKit/537.36 (KHTML, like Gecko) Chrome/78.0.3904.108 Safari/537.36"
[2019-12-14T09:34:27.787] [INFO] access - ::1 - - "GET /lz-admin HTTP/1.1" 200 707 "" "Mozilla/5.0 (Macintosh; Intel Mac OS X 10_13_4) AppleWebKit/537.36 (KHTML, like Gecko) Chrome/78.0.3904.108 Safari/537.36"
[2019-12-14T09:34:27.886] [INFO] access - ::1 - - "GET /static/js/chunk-vendors.js HTTP/1.1" 200 2010030 "http://localhost:3005/lz-admin" "Mozilla/5.0 (Macintosh; Intel Mac OS X 10_13_4) AppleWebKit/537.36 (KHTML, like Gecko) Chrome/78.0.3904.108 Safari/537.36"
[2019-12-14T09:34:27.888] [INFO] access - ::1 - - "GET /static/js/lzAdmin.js HTTP/1.1" 200 259974 "http://localhost:3005/lz-admin" "Mozilla/5.0 (Macintosh; Intel Mac OS X 10_13_4) AppleWebKit/537.36 (KHTML, like Gecko) Chrome/78.0.3904.108 Safari/537.36"
[2019-12-14T09:34:28.324] [INFO] access - ::1 - - "GET /static/fonts/element-icons.535877f5.woff HTTP/1.1" 200 28200 "http://localhost:3005/lz-admin" "Mozilla/5.0 (Macintosh; Intel Mac OS X 10_13_4) AppleWebKit/537.36 (KHTML, like Gecko) Chrome/78.0.3904.108 Safari/537.36"
[2019-12-14T09:36:24.743] [INFO] access - ::1 - - "GET /lz-admin HTTP/1.1" 200 707 "" "Mozilla/5.0 (Macintosh; Intel Mac OS X 10_13_4) AppleWebKit/537.36 (KHTML, like Gecko) Chrome/78.0.3904.108 Safari/537.36"
[2019-12-14T09:36:24.857] [INFO] access - ::1 - - "GET /static/js/chunk-vendors.js HTTP/1.1" 200 2010030 "http://localhost:3005/lz-admin" "Mozilla/5.0 (Macintosh; Intel Mac OS X 10_13_4) AppleWebKit/537.36 (KHTML, like Gecko) Chrome/78.0.3904.108 Safari/537.36"
[2019-12-14T09:36:24.859] [INFO] access - ::1 - - "GET /static/js/lzAdmin.js HTTP/1.1" 200 259974 "http://localhost:3005/lz-admin" "Mozilla/5.0 (Macintosh; Intel Mac OS X 10_13_4) AppleWebKit/537.36 (KHTML, like Gecko) Chrome/78.0.3904.108 Safari/537.36"
[2019-12-14T09:36:25.258] [INFO] access - ::1 - - "GET /static/fonts/element-icons.535877f5.woff HTTP/1.1" 200 28200 "http://localhost:3005/lz-admin" "Mozilla/5.0 (Macintosh; Intel Mac OS X 10_13_4) AppleWebKit/537.36 (KHTML, like Gecko) Chrome/78.0.3904.108 Safari/537.36"
[2019-12-14T09:36:32.934] [INFO] access - ::1 - - "GET /lz-admin HTTP/1.1" 200 707 "" "Mozilla/5.0 (Macintosh; Intel Mac OS X 10_13_4) AppleWebKit/537.36 (KHTML, like Gecko) Chrome/78.0.3904.108 Safari/537.36"
[2019-12-14T09:36:32.975] [INFO] access - ::1 - - "GET /static/js/chunk-vendors.js HTTP/1.1" 200 2010030 "http://localhost:3005/lz-admin" "Mozilla/5.0 (Macintosh; Intel Mac OS X 10_13_4) AppleWebKit/537.36 (KHTML, like Gecko) Chrome/78.0.3904.108 Safari/537.36"
[2019-12-14T09:36:32.976] [INFO] access - ::1 - - "GET /static/js/lzAdmin.js HTTP/1.1" 200 259974 "http://localhost:3005/lz-admin" "Mozilla/5.0 (Macintosh; Intel Mac OS X 10_13_4) AppleWebKit/537.36 (KHTML, like Gecko) Chrome/78.0.3904.108 Safari/537.36"
[2019-12-14T09:36:33.280] [INFO] access - ::1 - - "GET /static/fonts/element-icons.535877f5.woff HTTP/1.1" 200 28200 "http://localhost:3005/lz-admin" "Mozilla/5.0 (Macintosh; Intel Mac OS X 10_13_4) AppleWebKit/537.36 (KHTML, like Gecko) Chrome/78.0.3904.108 Safari/537.36"
[2019-12-14T09:37:52.591] [INFO] access - ::1 - - "GET /logout HTTP/1.1" 302 43 "http://localhost:3005/lz-admin" "Mozilla/5.0 (Macintosh; Intel Mac OS X 10_13_4) AppleWebKit/537.36 (KHTML, like Gecko) Chrome/78.0.3904.108 Safari/537.36"
[2019-12-14T09:37:52.606] [INFO] access - ::1 - - "GET /login HTTP/1.1" 200 647 "http://localhost:3005/lz-admin" "Mozilla/5.0 (Macintosh; Intel Mac OS X 10_13_4) AppleWebKit/537.36 (KHTML, like Gecko) Chrome/78.0.3904.108 Safari/537.36"
[2019-12-14T09:37:52.676] [INFO] access - ::1 - - "GET /static/js/chunk-vendors.js HTTP/1.1" 200 2010030 "http://localhost:3005/login" "Mozilla/5.0 (Macintosh; Intel Mac OS X 10_13_4) AppleWebKit/537.36 (KHTML, like Gecko) Chrome/78.0.3904.108 Safari/537.36"
[2019-12-14T09:37:52.677] [INFO] access - ::1 - - "GET /static/js/login.js HTTP/1.1" 200 242375 "http://localhost:3005/login" "Mozilla/5.0 (Macintosh; Intel Mac OS X 10_13_4) AppleWebKit/537.36 (KHTML, like Gecko) Chrome/78.0.3904.108 Safari/537.36"
[2019-12-14T09:37:53.053] [INFO] access - ::1 - - "GET /static/fonts/element-icons.535877f5.woff HTTP/1.1" 200 28200 "http://localhost:3005/login" "Mozilla/5.0 (Macintosh; Intel Mac OS X 10_13_4) AppleWebKit/537.36 (KHTML, like Gecko) Chrome/78.0.3904.108 Safari/537.36"
[2019-12-14T09:37:54.402] [INFO] access - ::1 - - "GET /login?username=555555&password=5555555 HTTP/1.1" 200 44 "http://localhost:3005/login" "Mozilla/5.0 (Macintosh; Intel Mac OS X 10_13_4) AppleWebKit/537.36 (KHTML, like Gecko) Chrome/78.0.3904.108 Safari/537.36"
[2019-12-14T09:37:54.425] [INFO] access - ::1 - - "GET /lz-admin HTTP/1.1" 200 707 "http://localhost:3005/login" "Mozilla/5.0 (Macintosh; Intel Mac OS X 10_13_4) AppleWebKit/537.36 (KHTML, like Gecko) Chrome/78.0.3904.108 Safari/537.36"
[2019-12-14T09:37:54.469] [INFO] access - ::1 - - "GET /static/js/chunk-vendors.js HTTP/1.1" 200 2010030 "http://localhost:3005/lz-admin" "Mozilla/5.0 (Macintosh; Intel Mac OS X 10_13_4) AppleWebKit/537.36 (KHTML, like Gecko) Chrome/78.0.3904.108 Safari/537.36"
[2019-12-14T09:37:54.474] [INFO] access - ::1 - - "GET /static/js/lzAdmin.js HTTP/1.1" 200 259974 "http://localhost:3005/lz-admin" "Mozilla/5.0 (Macintosh; Intel Mac OS X 10_13_4) AppleWebKit/537.36 (KHTML, like Gecko) Chrome/78.0.3904.108 Safari/537.36"
[2019-12-14T09:37:54.783] [INFO] access - ::1 - - "GET /static/fonts/element-icons.535877f5.woff HTTP/1.1" 200 28200 "http://localhost:3005/lz-admin" "Mozilla/5.0 (Macintosh; Intel Mac OS X 10_13_4) AppleWebKit/537.36 (KHTML, like Gecko) Chrome/78.0.3904.108 Safari/537.36"
[2019-12-14T09:38:55.282] [INFO] access - ::1 - - "GET /logout HTTP/1.1" 302 43 "http://localhost:3005/lz-admin" "Mozilla/5.0 (Macintosh; Intel Mac OS X 10_13_4) AppleWebKit/537.36 (KHTML, like Gecko) Chrome/78.0.3904.108 Safari/537.36"
[2019-12-14T09:38:55.301] [INFO] access - ::1 - - "GET /login HTTP/1.1" 200 647 "http://localhost:3005/lz-admin" "Mozilla/5.0 (Macintosh; Intel Mac OS X 10_13_4) AppleWebKit/537.36 (KHTML, like Gecko) Chrome/78.0.3904.108 Safari/537.36"
[2019-12-14T09:38:55.374] [INFO] access - ::1 - - "GET /static/js/chunk-vendors.js HTTP/1.1" 200 2010030 "http://localhost:3005/login" "Mozilla/5.0 (Macintosh; Intel Mac OS X 10_13_4) AppleWebKit/537.36 (KHTML, like Gecko) Chrome/78.0.3904.108 Safari/537.36"
[2019-12-14T09:38:55.376] [INFO] access - ::1 - - "GET /static/js/login.js HTTP/1.1" 200 242375 "http://localhost:3005/login" "Mozilla/5.0 (Macintosh; Intel Mac OS X 10_13_4) AppleWebKit/537.36 (KHTML, like Gecko) Chrome/78.0.3904.108 Safari/537.36"
[2019-12-14T09:38:55.671] [INFO] access - ::1 - - "GET /static/fonts/element-icons.535877f5.woff HTTP/1.1" 200 28200 "http://localhost:3005/login" "Mozilla/5.0 (Macintosh; Intel Mac OS X 10_13_4) AppleWebKit/537.36 (KHTML, like Gecko) Chrome/78.0.3904.108 Safari/537.36"
[2019-12-14T09:38:56.840] [INFO] access - ::1 - - "GET /login?username=555555&password=5555555 HTTP/1.1" 200 44 "http://localhost:3005/login" "Mozilla/5.0 (Macintosh; Intel Mac OS X 10_13_4) AppleWebKit/537.36 (KHTML, like Gecko) Chrome/78.0.3904.108 Safari/537.36"
[2019-12-14T09:38:56.867] [INFO] access - ::1 - - "GET /lz-admin HTTP/1.1" 200 707 "http://localhost:3005/login" "Mozilla/5.0 (Macintosh; Intel Mac OS X 10_13_4) AppleWebKit/537.36 (KHTML, like Gecko) Chrome/78.0.3904.108 Safari/537.36"
[2019-12-14T09:38:56.941] [INFO] access - ::1 - - "GET /static/js/chunk-vendors.js HTTP/1.1" 200 2010030 "http://localhost:3005/lz-admin" "Mozilla/5.0 (Macintosh; Intel Mac OS X 10_13_4) AppleWebKit/537.36 (KHTML, like Gecko) Chrome/78.0.3904.108 Safari/537.36"
[2019-12-14T09:38:56.942] [INFO] access - ::1 - - "GET /static/js/lzAdmin.js HTTP/1.1" 200 259974 "http://localhost:3005/lz-admin" "Mozilla/5.0 (Macintosh; Intel Mac OS X 10_13_4) AppleWebKit/537.36 (KHTML, like Gecko) Chrome/78.0.3904.108 Safari/537.36"
[2019-12-14T09:38:57.253] [INFO] access - ::1 - - "GET /static/fonts/element-icons.535877f5.woff HTTP/1.1" 200 28200 "http://localhost:3005/lz-admin" "Mozilla/5.0 (Macintosh; Intel Mac OS X 10_13_4) AppleWebKit/537.36 (KHTML, like Gecko) Chrome/78.0.3904.108 Safari/537.36"
[2019-12-14T09:43:10.648] [INFO] access - ::1 - - "GET /lz-admin HTTP/1.1" 200 707 "" "Mozilla/5.0 (Macintosh; Intel Mac OS X 10_13_4) AppleWebKit/537.36 (KHTML, like Gecko) Chrome/78.0.3904.108 Safari/537.36"
[2019-12-14T09:43:10.727] [INFO] access - ::1 - - "GET /static/js/chunk-vendors.js HTTP/1.1" 200 2010030 "http://localhost:3005/lz-admin" "Mozilla/5.0 (Macintosh; Intel Mac OS X 10_13_4) AppleWebKit/537.36 (KHTML, like Gecko) Chrome/78.0.3904.108 Safari/537.36"
[2019-12-14T09:43:10.728] [INFO] access - ::1 - - "GET /static/js/lzAdmin.js HTTP/1.1" 200 259974 "http://localhost:3005/lz-admin" "Mozilla/5.0 (Macintosh; Intel Mac OS X 10_13_4) AppleWebKit/537.36 (KHTML, like Gecko) Chrome/78.0.3904.108 Safari/537.36"
[2019-12-14T09:43:11.041] [INFO] access - ::1 - - "GET /static/fonts/element-icons.535877f5.woff HTTP/1.1" 200 28200 "http://localhost:3005/lz-admin" "Mozilla/5.0 (Macintosh; Intel Mac OS X 10_13_4) AppleWebKit/537.36 (KHTML, like Gecko) Chrome/78.0.3904.108 Safari/537.36"
